This file contains any messages produced by compilers while
running configure, to aid debugging if configure makes a mistake.

It was created by libargparse configure 1.0.2, which was
generated by GNU Autoconf 2.71.  Invocation command line was

  $ ./libargparse-1.0.2/configure

## --------- ##
## Platform. ##
## --------- ##

hostname = z1r12p5.42lyon.fr
uname -m = x86_64
uname -r = 5.15.0-102-generic
uname -s = Linux
uname -v = #112-Ubuntu SMP Tue Mar 5 16:50:32 UTC 2024

/usr/bin/uname -p = x86_64
/bin/uname -X     = unknown

/bin/arch              = x86_64
/usr/bin/arch -k       = unknown
/usr/convex/getsysinfo = unknown
/usr/bin/hostinfo      = unknown
/bin/machine           = unknown
/usr/bin/oslevel       = unknown
/bin/universe          = unknown

PATH: /home/tlafay/bin/
PATH: /home/tlafay/bin/
PATH: /usr/local/sbin/
PATH: /usr/local/bin/
PATH: /usr/sbin/
PATH: /usr/bin/
PATH: /sbin/
PATH: /bin/
PATH: /usr/games/
PATH: /usr/local/games/
PATH: /snap/bin/
PATH: /home/tlafay/.local/usr/bin/
PATH: /home/tlafay/.local/usr/sbin/
PATH: /home/tlafay/.local/bin/
PATH: /home/tlafay/.fzf/bin/
PATH: /home/tlafay/.local/usr/bin/
PATH: /home/tlafay/.local/usr/sbin/
PATH: /home/tlafay/.local/bin/


## ----------- ##
## Core tests. ##
## ----------- ##

configure:2414: looking for aux files: compile ar-lib missing install-sh
configure:2427:  trying ./libargparse-1.0.2/
configure:2456:   ./libargparse-1.0.2/compile found
configure:2456:   ./libargparse-1.0.2/ar-lib found
configure:2456:   ./libargparse-1.0.2/missing found
configure:2438:   ./libargparse-1.0.2/install-sh found
configure:2588: checking for a BSD-compatible install
configure:2661: result: /usr/bin/install -c
configure:2672: checking whether build environment is sane
configure:2727: result: yes
configure:2886: checking for a race-free mkdir -p
configure:2930: result: /usr/bin/mkdir -p
configure:2937: checking for gawk
configure:2958: found /usr/bin/gawk
configure:2969: result: gawk
configure:2980: checking whether make sets $(MAKE)
configure:3003: result: yes
configure:3033: checking whether make supports nested variables
configure:3051: result: yes
configure:3236: checking for ranlib
configure:3257: found /usr/bin/ranlib
configure:3268: result: ranlib
configure:3359: checking for g++
configure:3380: found /usr/bin/g++
configure:3391: result: g++
configure:3418: checking for C++ compiler version
configure:3427: g++ --version >&5
g++ (Ubuntu 10.5.0-1ubuntu1~22.04) 10.5.0
Copyright (C) 2020 Free Software Foundation, Inc.
This is free software; see the source for copying conditions.  There is NO
warranty; not even for MERCHANTABILITY or FITNESS FOR A PARTICULAR PURPOSE.

configure:3438: $? = 0
configure:3427: g++ -v >&5
Using built-in specs.
COLLECT_GCC=g++
COLLECT_LTO_WRAPPER=/usr/lib/gcc/x86_64-linux-gnu/10/lto-wrapper
Target: x86_64-linux-gnu
Configured with: ../src/configure -v --with-pkgversion='Ubuntu 10.5.0-1ubuntu1~22.04' --with-bugurl=file:///usr/share/doc/gcc-10/README.Bugs --enable-languages=c,ada,c++,go,brig,d,fortran,objc,obj-c++,m2 --prefix=/usr --with-gcc-major-version-only --program-suffix=-10 --program-prefix=x86_64-linux-gnu- --enable-shared --enable-linker-build-id --libexecdir=/usr/lib --without-included-gettext --enable-threads=posix --libdir=/usr/lib --enable-nls --enable-bootstrap --enable-clocale=gnu --enable-libstdcxx-debug --enable-libstdcxx-time=yes --with-default-libstdcxx-abi=new --enable-gnu-unique-object --disable-vtable-verify --enable-plugin --enable-default-pie --with-system-zlib --enable-libphobos-checking=release --with-target-system-zlib=auto --enable-objc-gc=auto --enable-multiarch --disable-werror --with-arch-32=i686 --with-abi=m64 --with-multilib-list=m32,m64,mx32 --enable-multilib --with-tune=generic --enable-offload-targets=hsa --without-cuda-driver --enable-checking=release --build=x86_64-linux-gnu --host=x86_64-linux-gnu --target=x86_64-linux-gnu --with-build-config=bootstrap-lto-lean --enable-link-mutex
Thread model: posix
Supported LTO compression algorithms: zlib zstd
gcc version 10.5.0 (Ubuntu 10.5.0-1ubuntu1~22.04) 
configure:3438: $? = 0
configure:3427: g++ -V >&5
g++: error: unrecognized command-line option '-V'
g++: fatal error: no input files
compilation terminated.
configure:3438: $? = 1
configure:3427: g++ -qversion >&5
g++: error: unrecognized command-line option '-qversion'; did you mean '--version'?
g++: fatal error: no input files
compilation terminated.
configure:3438: $? = 1
configure:3458: checking whether the C++ compiler works
configure:3480: g++    conftest.cpp  >&5
configure:3484: $? = 0
configure:3534: result: yes
configure:3537: checking for C++ compiler default output file name
configure:3539: result: a.out
configure:3545: checking for suffix of executables
configure:3552: g++ -o conftest    conftest.cpp  >&5
configure:3556: $? = 0
configure:3579: result: 
configure:3601: checking whether we are cross compiling
configure:3609: g++ -o conftest    conftest.cpp  >&5
configure:3613: $? = 0
configure:3620: ./conftest
configure:3624: $? = 0
configure:3639: result: no
configure:3644: checking for suffix of object files
configure:3667: g++ -c   conftest.cpp >&5
configure:3671: $? = 0
configure:3693: result: o
configure:3697: checking whether the compiler supports GNU C++
configure:3717: g++ -c   conftest.cpp >&5
configure:3717: $? = 0
configure:3727: result: yes
configure:3738: checking whether g++ accepts -g
configure:3759: g++ -c -g  conftest.cpp >&5
configure:3759: $? = 0
configure:3803: result: yes
configure:3823: checking for g++ option to enable C++11 features
configure:3838: g++  -c -g -O2  conftest.cpp >&5
configure:3838: $? = 0
configure:3856: result: none needed
configure:3923: checking whether make supports the include directive
configure:3938: make -f confmf.GNU && cat confinc.out
make[1]: Entering directory '/home/tlafay/Documents/Projets/ft_nm'
make[1]: Leaving directory '/home/tlafay/Documents/Projets/ft_nm'
this is the am__doit target
configure:3941: $? = 0
configure:3960: result: yes (GNU style)
configure:3986: checking dependency style of g++
configure:4098: result: gcc3
configure:4175: checking for gcc
configure:4196: found /usr/bin/gcc
configure:4207: result: gcc
configure:4560: checking for C compiler version
configure:4569: gcc --version >&5
gcc (Ubuntu 10.5.0-1ubuntu1~22.04) 10.5.0
Copyright (C) 2020 Free Software Foundation, Inc.
This is free software; see the source for copying conditions.  There is NO
warranty; not even for MERCHANTABILITY or FITNESS FOR A PARTICULAR PURPOSE.

configure:4580: $? = 0
configure:4569: gcc -v >&5
Using built-in specs.
COLLECT_GCC=gcc
COLLECT_LTO_WRAPPER=/usr/lib/gcc/x86_64-linux-gnu/10/lto-wrapper
Target: x86_64-linux-gnu
Configured with: ../src/configure -v --with-pkgversion='Ubuntu 10.5.0-1ubuntu1~22.04' --with-bugurl=file:///usr/share/doc/gcc-10/README.Bugs --enable-languages=c,ada,c++,go,brig,d,fortran,objc,obj-c++,m2 --prefix=/usr --with-gcc-major-version-only --program-suffix=-10 --program-prefix=x86_64-linux-gnu- --enable-shared --enable-linker-build-id --libexecdir=/usr/lib --without-included-gettext --enable-threads=posix --libdir=/usr/lib --enable-nls --enable-bootstrap --enable-clocale=gnu --enable-libstdcxx-debug --enable-libstdcxx-time=yes --with-default-libstdcxx-abi=new --enable-gnu-unique-object --disable-vtable-verify --enable-plugin --enable-default-pie --with-system-zlib --enable-libphobos-checking=release --with-target-system-zlib=auto --enable-objc-gc=auto --enable-multiarch --disable-werror --with-arch-32=i686 --with-abi=m64 --with-multilib-list=m32,m64,mx32 --enable-multilib --with-tune=generic --enable-offload-targets=hsa --without-cuda-driver --enable-checking=release --build=x86_64-linux-gnu --host=x86_64-linux-gnu --target=x86_64-linux-gnu --with-build-config=bootstrap-lto-lean --enable-link-mutex
Thread model: posix
Supported LTO compression algorithms: zlib zstd
gcc version 10.5.0 (Ubuntu 10.5.0-1ubuntu1~22.04) 
configure:4580: $? = 0
configure:4569: gcc -V >&5
gcc: error: unrecognized command-line option '-V'
gcc: fatal error: no input files
compilation terminated.
configure:4580: $? = 1
configure:4569: gcc -qversion >&5
gcc: error: unrecognized command-line option '-qversion'; did you mean '--version'?
gcc: fatal error: no input files
compilation terminated.
configure:4580: $? = 1
configure:4569: gcc -version >&5
gcc: error: unrecognized command-line option '-version'
gcc: fatal error: no input files
compilation terminated.
configure:4580: $? = 1
configure:4584: checking whether the compiler supports GNU C
configure:4604: gcc -c   conftest.c >&5
configure:4604: $? = 0
configure:4614: result: yes
configure:4625: checking whether gcc accepts -g
configure:4646: gcc -c -g  conftest.c >&5
configure:4646: $? = 0
configure:4690: result: yes
configure:4710: checking for gcc option to enable C11 features
configure:4725: gcc  -c -g -O2  conftest.c >&5
configure:4725: $? = 0
configure:4743: result: none needed
configure:4859: checking whether gcc understands -c and -o together
configure:4882: gcc -c conftest.c -o conftest2.o
configure:4885: $? = 0
configure:4882: gcc -c conftest.c -o conftest2.o
configure:4885: $? = 0
configure:4897: result: yes
configure:4916: checking dependency style of gcc
configure:5028: result: gcc3
configure:5099: checking for ar
configure:5120: found /usr/bin/ar
configure:5131: result: ar
configure:5157: checking the archiver (ar) interface
configure:5174: gcc -c -g -O2  conftest.c >&5
configure:5174: $? = 0
configure:5177: ar cru libconftest.a conftest.o >&5
ar: `u' modifier ignored since `D' is the default (see `U')
configure:5180: $? = 0
configure:5208: result: ar
configure:5229: checking for main in -lgtest
configure:5249: gcc -o conftest -g -O2   conftest.c -lgtest   >&5
configure:5249: $? = 0
configure:5259: result: yes
configure:5413: checking that generated files are newer than configure
configure:5419: result: done
configure:5446: creating ./config.status

## ---------------------- ##
## Running config.status. ##
## ---------------------- ##

This file was extended by libargparse config.status 1.0.2, which was
generated by GNU Autoconf 2.71.  Invocation command line was

  CONFIG_FILES    = 
  CONFIG_HEADERS  = 
  CONFIG_LINKS    = 
  CONFIG_COMMANDS = 
  $ ./config.status 

on z1r12p5.42lyon.fr

config.status:782: creating Makefile
config.status:782: creating include/Makefile
config.status:782: creating lib/Makefile
config.status:782: creating tests/Makefile
config.status:939: executing depfiles commands
config.status:1016: cd lib       && sed -e '/# am--include-marker/d' Makefile         | make -f - am--depfiles
make[1]: Entering directory '/home/tlafay/Documents/Projets/ft_nm/lib'
make[1]: Leaving directory '/home/tlafay/Documents/Projets/ft_nm/lib'
config.status:1021: $? = 0
config.status:1016: cd tests       && sed -e '/# am--include-marker/d' Makefile         | make -f - am--depfiles
make[1]: Entering directory '/home/tlafay/Documents/Projets/ft_nm/tests'
make[1]: Leaving directory '/home/tlafay/Documents/Projets/ft_nm/tests'
config.status:1021: $? = 0

## ---------------- ##
## Cache variables. ##
## ---------------- ##

ac_cv_c_compiler_gnu=yes
ac_cv_cxx_compiler_gnu=yes
ac_cv_env_CCC_set=
ac_cv_env_CCC_value=
ac_cv_env_CC_set=
ac_cv_env_CC_value=
ac_cv_env_CFLAGS_set=
ac_cv_env_CFLAGS_value=
ac_cv_env_CPPFLAGS_set=
ac_cv_env_CPPFLAGS_value=
ac_cv_env_CXXFLAGS_set=
ac_cv_env_CXXFLAGS_value=
ac_cv_env_CXX_set=
ac_cv_env_CXX_value=
ac_cv_env_LDFLAGS_set=
ac_cv_env_LDFLAGS_value=
ac_cv_env_LIBS_set=
ac_cv_env_LIBS_value=
ac_cv_env_build_alias_set=
ac_cv_env_build_alias_value=
ac_cv_env_host_alias_set=
ac_cv_env_host_alias_value=
ac_cv_env_target_alias_set=
ac_cv_env_target_alias_value=
ac_cv_lib_gtest_main=yes
ac_cv_objext=o
ac_cv_path_install='/usr/bin/install -c'
ac_cv_path_mkdir=/usr/bin/mkdir
ac_cv_prog_AWK=gawk
ac_cv_prog_ac_ct_AR=ar
ac_cv_prog_ac_ct_CC=gcc
ac_cv_prog_ac_ct_CXX=g++
ac_cv_prog_ac_ct_RANLIB=ranlib
ac_cv_prog_cc_c11=
ac_cv_prog_cc_g=yes
ac_cv_prog_cc_stdc=
ac_cv_prog_cxx_11=no
ac_cv_prog_cxx_cxx11=
ac_cv_prog_cxx_g=yes
ac_cv_prog_cxx_stdcxx=
ac_cv_prog_make_make_set=yes
am_cv_CC_dependencies_compiler_type=gcc3
am_cv_CXX_dependencies_compiler_type=gcc3
am_cv_ar_interface=ar
am_cv_make_support_nested_variables=yes
am_cv_prog_cc_c_o=yes

## ----------------- ##
## Output variables. ##
## ----------------- ##

ACLOCAL='${SHELL} '\''/home/tlafay/Documents/Projets/ft_nm/libargparse-1.0.2/missing'\'' aclocal-1.16'
AMDEPBACKSLASH='\'
AMDEP_FALSE='#'
AMDEP_TRUE=''
AMTAR='$${TAR-tar}'
AM_BACKSLASH='\'
AM_DEFAULT_V='$(AM_DEFAULT_VERBOSITY)'
AM_DEFAULT_VERBOSITY='1'
AM_V='$(V)'
AR='ar'
AUTOCONF='${SHELL} '\''/home/tlafay/Documents/Projets/ft_nm/libargparse-1.0.2/missing'\'' autoconf'
AUTOHEADER='${SHELL} '\''/home/tlafay/Documents/Projets/ft_nm/libargparse-1.0.2/missing'\'' autoheader'
AUTOMAKE='${SHELL} '\''/home/tlafay/Documents/Projets/ft_nm/libargparse-1.0.2/missing'\'' automake-1.16'
AWK='gawk'
CC='gcc'
CCDEPMODE='depmode=gcc3'
CFLAGS='-g -O2'
CPPFLAGS=''
CSCOPE='cscope'
CTAGS='ctags'
CXX='g++'
CXXDEPMODE='depmode=gcc3'
CXXFLAGS='-g -O2'
CYGPATH_W='echo'
DEFS='-DPACKAGE_NAME=\"libargparse\" -DPACKAGE_TARNAME=\"libargparse\" -DPACKAGE_VERSION=\"1.0.2\" -DPACKAGE_STRING=\"libargparse\ 1.0.2\" -DPACKAGE_BUGREPORT=\"tlafay@student.42lyon.fr\" -DPACKAGE_URL=\"\" -DPACKAGE=\"libargparse\" -DVERSION=\"1.0.2\" -DHAVE_LIBGTEST=1'
DEPDIR='.deps'
ECHO_C=''
ECHO_N='-n'
ECHO_T=''
ETAGS='etags'
EXEEXT=''
INSTALL_DATA='${INSTALL} -m 644'
INSTALL_PROGRAM='${INSTALL}'
INSTALL_SCRIPT='${INSTALL}'
INSTALL_STRIP_PROGRAM='$(install_sh) -c -s'
LDFLAGS=''
LIBFT_PATH='./libft'
LIBOBJS=''
LIBS='-lgtest '
LTLIBOBJS=''
MAKEINFO='${SHELL} '\''/home/tlafay/Documents/Projets/ft_nm/libargparse-1.0.2/missing'\'' makeinfo'
MKDIR_P='/usr/bin/mkdir -p'
OBJEXT='o'
PACKAGE='libargparse'
PACKAGE_BUGREPORT='tlafay@student.42lyon.fr'
PACKAGE_NAME='libargparse'
PACKAGE_STRING='libargparse 1.0.2'
PACKAGE_TARNAME='libargparse'
PACKAGE_URL=''
PACKAGE_VERSION='1.0.2'
PATH_SEPARATOR=':'
RANLIB='ranlib'
SET_MAKE=''
SHELL='/bin/bash'
STRIP=''
VERSION='1.0.2'
ac_ct_AR='ar'
ac_ct_CC='gcc'
ac_ct_CXX='g++'
am__EXEEXT_FALSE=''
am__EXEEXT_TRUE='#'
am__fastdepCC_FALSE='#'
am__fastdepCC_TRUE=''
am__fastdepCXX_FALSE='#'
am__fastdepCXX_TRUE=''
am__include='include'
am__isrc=' -I$(srcdir)'
am__leading_dot='.'
am__nodep='_no'
am__quote=''
am__tar='$${TAR-tar} chof - "$$tardir"'
am__untar='$${TAR-tar} xf -'
bindir='${exec_prefix}/bin'
build_alias=''
datadir='${datarootdir}'
datarootdir='${prefix}/share'
docdir='${datarootdir}/doc/${PACKAGE_TARNAME}'
dvidir='${docdir}'
exec_prefix='${prefix}'
host_alias=''
htmldir='${docdir}'
includedir='${prefix}/include'
infodir='${datarootdir}/info'
install_sh='${SHELL} /home/tlafay/Documents/Projets/ft_nm/libargparse-1.0.2/install-sh'
libdir='${exec_prefix}/lib'
libexecdir='${exec_prefix}/libexec'
localedir='${datarootdir}/locale'
localstatedir='${prefix}/var'
mandir='${datarootdir}/man'
mkdir_p='$(MKDIR_P)'
oldincludedir='/usr/include'
pdfdir='${docdir}'
prefix='/usr/local'
program_transform_name='s,x,x,'
psdir='${docdir}'
runstatedir='${localstatedir}/run'
sbindir='${exec_prefix}/sbin'
sharedstatedir='${prefix}/com'
sysconfdir='${prefix}/etc'
target_alias=''

## ----------- ##
## confdefs.h. ##
## ----------- ##

/* confdefs.h */
#define PACKAGE_NAME "libargparse"
#define PACKAGE_TARNAME "libargparse"
#define PACKAGE_VERSION "1.0.2"
#define PACKAGE_STRING "libargparse 1.0.2"
#define PACKAGE_BUGREPORT "tlafay@student.42lyon.fr"
#define PACKAGE_URL ""
#define PACKAGE "libargparse"
#define VERSION "1.0.2"
#define HAVE_LIBGTEST 1

configure: exit 0
